\BOOKMARK [1][-]{section.1}{\376\377\000I\000n\000t\000r\000o\000d\000u\000c\000t\000i\000o\000n}{}% 1
\BOOKMARK [1][-]{section.2}{\376\377\000D\000a\000t\000a}{}% 2
\BOOKMARK [2][-]{subsection.2.1}{\376\377\000D\000a\000t\000a\000\040\000S\000o\000u\000r\000c\000e}{section.2}% 3
\BOOKMARK [2][-]{subsection.2.2}{\376\377\000D\000a\000t\000a\000\040\000C\000l\000e\000a\000n\000i\000n\000g}{section.2}% 4
\BOOKMARK [2][-]{subsection.2.3}{\376\377\000V\000a\000r\000i\000a\000b\000l\000e\000s\000\040\000o\000f\000\040\000I\000n\000t\000e\000r\000e\000s\000t}{section.2}% 5
\BOOKMARK [2][-]{subsection.2.4}{\376\377\000H\000a\000p\000p\000i\000n\000e\000s\000s\000\040\000s\000c\000o\000r\000e}{section.2}% 6
\BOOKMARK [2][-]{subsection.2.5}{\376\377\000G\000D\000P\000\040\000p\000e\000r\000\040\000c\000a\000p\000i\000t\000a}{section.2}% 7
\BOOKMARK [2][-]{subsection.2.6}{\376\377\000H\000e\000a\000l\000t\000h\000y\000\040\000L\000i\000f\000e\000\040\000E\000x\000p\000e\000c\000t\000a\000n\000c\000y}{section.2}% 8
\BOOKMARK [2][-]{subsection.2.7}{\376\377\000S\000o\000c\000i\000a\000l\000\040\000S\000u\000p\000p\000o\000r\000t}{section.2}% 9
\BOOKMARK [2][-]{subsection.2.8}{\376\377\000F\000r\000e\000e\000d\000o\000m}{section.2}% 10
\BOOKMARK [2][-]{subsection.2.9}{\376\377\000G\000e\000n\000e\000r\000o\000s\000i\000t\000y}{section.2}% 11
\BOOKMARK [2][-]{subsection.2.10}{\376\377\000P\000e\000r\000c\000e\000p\000t\000i\000o\000n\000\040\000o\000f\000\040\000C\000o\000r\000r\000u\000p\000t\000i\000o\000n}{section.2}% 12
\BOOKMARK [2][-]{subsection.2.11}{\376\377\000D\000a\000t\000a\000\040\000A\000n\000a\000l\000y\000s\000i\000s\000\040\000a\000n\000d\000\040\000V\000i\000s\000u\000a\000l\000i\000z\000a\000t\000i\000o\000n}{section.2}% 13
\BOOKMARK [1][-]{section.3}{\376\377\000M\000o\000d\000e\000l}{}% 14
\BOOKMARK [2][-]{subsection.3.1}{\376\377\000M\000u\000l\000t\000i\000p\000l\000e\000\040\000L\000i\000n\000e\000a\000r\000\040\000R\000e\000g\000r\000e\000s\000s\000i\000o\000n}{section.3}% 15
\BOOKMARK [1][-]{section.4}{\376\377\000R\000e\000s\000u\000l\000t\000s}{}% 16
\BOOKMARK [2][-]{subsection.4.1}{\376\377\000H\000a\000p\000p\000i\000n\000e\000s\000s\000\040\000S\000c\000o\000r\000e\000\040\000b\000y\000\040\000R\000e\000g\000i\000o\000n\000s}{section.4}% 17
\BOOKMARK [2][-]{subsection.4.2}{\376\377\000H\000a\000p\000p\000i\000n\000e\000s\000s\000\040\000S\000c\000o\000r\000e\000\040\000b\000y\000\040\000R\000e\000g\000i\000o\000n\000s\000\040\000-\000\040\000P\000r\000e\000\040\000C\000O\000V\000I\000D\000-\0001\0009\000\040\000\050\0002\0000\0001\0009\000\051}{section.4}% 18
\BOOKMARK [2][-]{subsection.4.3}{\376\377\000H\000a\000p\000p\000i\000n\000e\000s\000s\000\040\000S\000c\000o\000r\000e\000\040\000b\000y\000\040\000R\000e\000g\000i\000o\000n\000s\000\040\000-\000\040\000D\000u\000r\000i\000n\000g\000\040\000t\000h\000e\000\040\000C\000O\000V\000I\000D\000-\0001\0009\000\040\000P\000a\000n\000d\000e\000m\000i\000c\000\040\000\050\0002\0000\0002\0000\000\051}{section.4}% 19
\BOOKMARK [2][-]{subsection.4.4}{\376\377\000D\000i\000f\000f\000e\000r\000e\000n\000c\000e\000s\000\040\000b\000e\000t\000w\000e\000e\000n\000\040\000H\000a\000p\000p\000i\000n\000e\000s\000s\000\040\000S\000c\000o\000r\000e\000s\000\040\000i\000n\000\040\0002\0000\0001\0009\000\040\000\046\000\040\0002\0000\0002\0000\000\040\000b\000y\000\040\000R\000e\000g\000i\000o\000n}{section.4}% 20
\BOOKMARK [2][-]{subsection.4.5}{\376\377\000T\000o\000p\000\040\000H\000a\000p\000p\000i\000e\000s\000t\000\040\000C\000o\000u\000n\000t\000r\000i\000e\000s}{section.4}% 21
\BOOKMARK [2][-]{subsection.4.6}{\376\377\000B\000o\000t\000t\000o\000m\000\040\000H\000a\000p\000p\000i\000e\000s\000t\000\040\000C\000o\000u\000n\000t\000r\000i\000e\000s}{section.4}% 22
\BOOKMARK [2][-]{subsection.4.7}{\376\377\000W\000o\000r\000l\000d\000\040\000M\000a\000p\000\040\000-\000\040\000H\000a\000p\000p\000i\000n\000e\000s\000s}{section.4}% 23
\BOOKMARK [2][-]{subsection.4.8}{\376\377\000E\000f\000f\000e\000c\000t\000\040\000o\000n\000\040\000H\000a\000p\000p\000i\000n\000e\000s\000s\000\040\000b\000y\000\040\000v\000a\000r\000i\000a\000b\000l\000e\000s\000\040\000o\000f\000\040\000i\000n\000t\000e\000r\000e\000s\000t}{section.4}% 24
\BOOKMARK [2][-]{subsection.4.9}{\376\377\000C\000o\000r\000r\000e\000l\000a\000t\000i\000o\000n\000s}{section.4}% 25
\BOOKMARK [2][-]{subsection.4.10}{\376\377\000M\000u\000l\000t\000i\000p\000l\000e\000\040\000L\000i\000n\000e\000a\000r\000\040\000R\000e\000g\000r\000e\000s\000s\000i\000o\000n}{section.4}% 26
\BOOKMARK [1][-]{section.5}{\376\377\000D\000i\000s\000c\000u\000s\000s\000i\000o\000n}{}% 27
\BOOKMARK [2][-]{subsection.5.1}{\376\377\000H\000a\000p\000p\000i\000n\000e\000s\000s\000\040\000S\000c\000o\000r\000e\000\040\000b\000y\000\040\000R\000e\000g\000i\000o\000n\000s\000\040\000\046\000\040\000C\000o\000u\000n\000t\000r\000i\000e\000s}{section.5}% 28
\BOOKMARK [2][-]{subsection.5.2}{\376\377\000H\000a\000p\000p\000i\000n\000e\000s\000s\000\040\000S\000c\000o\000r\000e\000\040\000e\000x\000p\000l\000a\000i\000n\000e\000d\000\040\000b\000y\000\040\000v\000a\000r\000i\000a\000b\000l\000e\000s\000\040\000o\000f\000\040\000i\000n\000t\000e\000r\000e\000s\000t}{section.5}% 29
\BOOKMARK [2][-]{subsection.5.3}{\376\377\000W\000e\000a\000k\000n\000e\000s\000s\000\040\000a\000n\000d\000\040\000n\000e\000x\000t\000\040\000s\000t\000e\000p\000s}{section.5}% 30
\BOOKMARK [1][-]{section*.2}{\376\377\000R\000e\000f\000e\000r\000e\000n\000c\000e\000s}{}% 31
